TN:
SF:src\owservable.folders.ts
FNF:0
FNH:0
DA:4,1
DA:5,1
DA:6,1
DA:10,1
DA:11,1
DA:12,1
DA:15,1
DA:16,1
LF:8
LH:8
BRF:0
BRH:0
end_of_record
TN:
SF:src\functions\add.files.from.folder.ts
FN:8,(anonymous_0)
FN:11,(anonymous_1)
FN:12,(anonymous_2)
FN:16,(anonymous_3)
FN:17,(anonymous_4)
FNF:5
FNH:5
FNDA:42,(anonymous_0)
FNDA:51,(anonymous_1)
FNDA:39,(anonymous_2)
FNDA:51,(anonymous_3)
FNDA:12,(anonymous_4)
DA:3,1
DA:4,1
DA:6,1
DA:8,1
DA:9,42
DA:11,51
DA:12,37
DA:13,39
DA:16,51
DA:17,37
DA:18,12
DA:21,37
DA:23,1
LF:13
LH:13
BRF:0
BRH:0
end_of_record
TN:
SF:src\functions\list.subfolders.by.name.ts
FN:8,(anonymous_0)
FN:12,(anonymous_1)
FN:14,(anonymous_2)
FNF:3
FNH:3
FNDA:281,(anonymous_0)
FNDA:505,(anonymous_1)
FNDA:269,(anonymous_2)
DA:3,1
DA:4,1
DA:6,1
DA:8,1
DA:9,281
DA:11,281
DA:12,505
DA:14,271
DA:15,269
DA:16,269
DA:17,239
DA:20,271
DA:22,1
LF:13
LH:13
BRDA:16,0,0,30
BRDA:16,0,1,239
BRF:2
BRH:2
end_of_record
TN:
SF:src\functions\list.subfolders.files.by.folder.name.ts
FN:8,(anonymous_0)
FN:11,(anonymous_1)
FNF:2
FNH:2
FNDA:22,(anonymous_0)
FNDA:17,(anonymous_1)
DA:3,1
DA:5,1
DA:6,1
DA:8,1
DA:9,22
DA:10,22
DA:11,17
DA:12,17
DA:14,17
DA:16,1
LF:10
LH:10
BRF:0
BRH:0
end_of_record
