TN:
SF:src\owservable.folders.ts
FNF:0
FNH:0
DA:4,1
DA:5,1
DA:6,1
DA:13,1
DA:14,1
DA:15,1
DA:21,1
DA:22,1
LF:8
LH:8
BRF:0
BRH:0
end_of_record
TN:
SF:src\functions\add.files.from.folder.ts
FN:8,(anonymous_0)
FN:12,(anonymous_1)
FN:23,(anonymous_2)
FN:24,(anonymous_3)
FN:27,(anonymous_4)
FN:32,(anonymous_5)
FNF:6
FNH:6
FNDA:14,(anonymous_0)
FNDA:20,(anonymous_1)
FNDA:20,(anonymous_2)
FNDA:20,(anonymous_3)
FNDA:16,(anonymous_4)
FNDA:4,(anonymous_5)
DA:3,3
DA:4,3
DA:8,3
DA:9,14
DA:12,14
DA:13,20
DA:14,20
DA:15,20
DA:23,20
DA:24,20
DA:27,14
DA:28,16
DA:32,14
DA:33,4
DA:36,14
DA:39,3
LF:16
LH:16
BRF:0
BRH:0
end_of_record
TN:
SF:src\functions\list.subfolders.by.name.ts
FN:8,(anonymous_0)
FN:14,(anonymous_1)
FN:25,(anonymous_2)
FN:28,(anonymous_3)
FNF:4
FNH:4
FNDA:89,(anonymous_0)
FNDA:204,(anonymous_1)
FNDA:204,(anonymous_2)
FNDA:89,(anonymous_3)
DA:3,3
DA:4,3
DA:8,3
DA:9,89
DA:11,89
DA:14,89
DA:15,204
DA:16,204
DA:17,204
DA:25,204
DA:28,89
DA:29,89
DA:30,9
DA:33,80
DA:37,89
DA:40,3
LF:16
LH:16
BRDA:29,0,0,9
BRDA:29,0,1,80
BRF:2
BRH:2
end_of_record
TN:
SF:src\functions\list.subfolders.files.by.folder.name.ts
FN:6,(anonymous_0)
FN:11,(anonymous_1)
FNF:2
FNH:2
FNDA:4,(anonymous_0)
FNDA:4,(anonymous_1)
DA:3,2
DA:4,2
DA:6,2
DA:7,4
DA:8,4
DA:11,4
DA:12,4
DA:15,4
DA:18,2
LF:9
LH:9
BRF:0
BRH:0
end_of_record
